<?xml version="1.0" encoding="UTF-8"?>
<testng-results skipped="0" failed="0" ignored="0" total="2" passed="2">
  <reporter-output>
  </reporter-output>
  <suite name="Order of execution" duration-ms="32" started-at="2019-03-01T02:39:52Z" finished-at="2019-03-01T02:39:52Z">
    <groups>
    </groups>
    <test name="orderOne" duration-ms="32" started-at="2019-03-01T02:39:52Z" finished-at="2019-03-01T02:39:52Z">
      <class name="testNG.TestNG_TestClass1">
        <test-method status="PASS" signature="beforeSuite()[pri:0, instance:testNG.TestNG_TestClass1@6cc4c815]" name="beforeSuite" is-config="true" duration-ms="15" started-at="2019-03-01T08:09:52Z" finished-at="2019-03-01T08:09:52Z">
          <reporter-output>
          </reporter-output>
        </test-method> <!-- beforeSuite -->
        <test-method status="PASS" signature="beforeTest()[pri:0, instance:testNG.TestNG_TestClass1@6cc4c815]" name="beforeTest" is-config="true" duration-ms="0" started-at="2019-03-01T08:09:52Z" finished-at="2019-03-01T08:09:52Z">
          <reporter-output>
          </reporter-output>
        </test-method> <!-- beforeTest -->
        <test-method status="PASS" signature="setUp()[pri:0, instance:testNG.TestNG_TestClass1@6cc4c815]" name="setUp" is-config="true" duration-ms="0" started-at="2019-03-01T08:09:52Z" finished-at="2019-03-01T08:09:52Z">
          <reporter-output>
          </reporter-output>
        </test-method> <!-- setUp -->
        <test-method status="PASS" signature="beforeClass()[pri:0, instance:testNG.TestNG_TestClass1@6cc4c815]" name="beforeClass" is-config="true" duration-ms="0" started-at="2019-03-01T08:09:52Z" finished-at="2019-03-01T08:09:52Z">
          <reporter-output>
          </reporter-output>
        </test-method> <!-- beforeClass -->
        <test-method status="PASS" signature="beforeMethod()[pri:0, instance:testNG.TestNG_TestClass1@6cc4c815]" name="beforeMethod" is-config="true" duration-ms="0" started-at="2019-03-01T08:09:52Z" finished-at="2019-03-01T08:09:52Z">
          <reporter-output>
          </reporter-output>
        </test-method> <!-- beforeMethod -->
        <test-method status="PASS" signature="testMethod2()[pri:0, instance:testNG.TestNG_TestClass1@6cc4c815]" name="testMethod2" duration-ms="0" started-at="2019-03-01T08:09:52Z" finished-at="2019-03-01T08:09:52Z">
          <reporter-output>
          </reporter-output>
        </test-method> <!-- testMethod2 -->
        <test-method status="PASS" signature="beforeMethod()[pri:0, instance:testNG.TestNG_TestClass1@6cc4c815]" name="beforeMethod" is-config="true" duration-ms="0" started-at="2019-03-01T08:09:52Z" finished-at="2019-03-01T08:09:52Z">
          <reporter-output>
          </reporter-output>
        </test-method> <!-- beforeMethod -->
        <test-method status="PASS" signature="testMethod1()[pri:0, instance:testNG.TestNG_TestClass1@6cc4c815]" name="testMethod1" duration-ms="0" started-at="2019-03-01T08:09:52Z" finished-at="2019-03-01T08:09:52Z">
          <reporter-output>
          </reporter-output>
        </test-method> <!-- testMethod1 -->
        <test-method status="PASS" signature="afterMethod()[pri:0, instance:testNG.TestNG_TestClass1@6cc4c815]" name="afterMethod" is-config="true" duration-ms="0" started-at="2019-03-01T08:09:52Z" finished-at="2019-03-01T08:09:52Z">
          <reporter-output>
          </reporter-output>
        </test-method> <!-- afterMethod -->
        <test-method status="PASS" signature="afterMethod()[pri:0, instance:testNG.TestNG_TestClass1@6cc4c815]" name="afterMethod" is-config="true" duration-ms="0" started-at="2019-03-01T08:09:52Z" finished-at="2019-03-01T08:09:52Z">
          <reporter-output>
          </reporter-output>
        </test-method> <!-- afterMethod -->
        <test-method status="PASS" signature="afterClass()[pri:0, instance:testNG.TestNG_TestClass1@6cc4c815]" name="afterClass" is-config="true" duration-ms="0" started-at="2019-03-01T08:09:52Z" finished-at="2019-03-01T08:09:52Z">
          <reporter-output>
          </reporter-output>
        </test-method> <!-- afterClass -->
        <test-method status="PASS" signature="cleanUp()[pri:0, instance:testNG.TestNG_TestClass1@6cc4c815]" name="cleanUp" is-config="true" duration-ms="0" started-at="2019-03-01T08:09:52Z" finished-at="2019-03-01T08:09:52Z">
          <reporter-output>
          </reporter-output>
        </test-method> <!-- cleanUp -->
        <test-method status="PASS" signature="afterTest()[pri:0, instance:testNG.TestNG_TestClass1@6cc4c815]" name="afterTest" is-config="true" duration-ms="0" started-at="2019-03-01T08:09:52Z" finished-at="2019-03-01T08:09:52Z">
          <reporter-output>
          </reporter-output>
        </test-method> <!-- afterTest -->
        <test-method status="PASS" signature="afterSuite()[pri:0, instance:testNG.TestNG_TestClass1@6cc4c815]" name="afterSuite" is-config="true" duration-ms="0" started-at="2019-03-01T08:09:52Z" finished-at="2019-03-01T08:09:52Z">
          <reporter-output>
          </reporter-output>
        </test-method> <!-- afterSuite -->
      </class> <!-- testNG.TestNG_TestClass1 -->
    </test> <!-- orderOne -->
  </suite> <!-- Order of execution -->
</testng-results>
