<?xml version="1.0" encoding="UTF-8"?>
<!-- Generated by org.testng.reporters.JUnitXMLReporter -->
<testsuite hostname="DESKTOP-K4OMS1L" ignored="0" name="Test 2" tests="4" failures="0" timestamp="01 Mar 2019 02:25:52 GMT" time="0.031" errors="0">
  <testcase name="testMethod1" time="0.0" classname="testNGAdvancedFeatures.TestNG_Preserve2"/>
  <testcase name="testMethod2" time="0.0" classname="testNGAdvancedFeatures.TestNG_Preserve2"/>
  <testcase name="testMethod1" time="0.0" classname="testNGAdvancedFeatures.TestNG_Preserve1"/>
  <testcase name="testMethod2" time="0.0" classname="testNGAdvancedFeatures.TestNG_Preserve1"/>
</testsuite> <!-- Test 2 -->
