<?xml version="1.0" encoding="UTF-8"?>
<!-- Generated by org.testng.reporters.JUnitXMLReporter -->
<testsuite hostname="DESKTOP-K4OMS1L" ignored="5" name="order" tests="3" failures="0" timestamp="01 Mar 2019 02:38:34 GMT" time="0.047" errors="0">
  <testcase name="testMethod1" time="0.016" classname="testNG.TestNG_TestClass1"/>
  <testcase name="testMethod2" time="0.0" classname="testNG.TestNG_TestClass1"/>
  <testcase name="testMethod1" time="0.0" classname="testNG.TestNG_TestClass2"/>
  <testcase name="testMethod2" time="0.0" classname="testNG.TestNG_TestClass2">
    <ignored/>
  </testcase> <!-- testMethod2 -->
  <testcase name="@AfterSuite afterSuite" time="0.0" classname="base.Suite">
    <ignored/>
  </testcase> <!-- @AfterSuite afterSuite -->
  <testcase name="@BeforeSuite beforeSuite" time="0.0" classname="base.Suite">
    <ignored/>
  </testcase> <!-- @BeforeSuite beforeSuite -->
  <testcase name="@AfterTest afterTest" time="0.0" classname="base.Suite">
    <ignored/>
  </testcase> <!-- @AfterTest afterTest -->
  <testcase name="@BeforeTest beforeTest" time="0.0" classname="base.Suite">
    <ignored/>
  </testcase> <!-- @BeforeTest beforeTest -->
</testsuite> <!-- order -->
