<?xml version="1.0" encoding="UTF-8"?>
<!-- Generated by org.testng.reporters.JUnitXMLReporter -->
<testsuite ignored="2" hostname="DESKTOP-K4OMS1L" failures="0" tests="2" name="Application name" time="0.037" errors="0" timestamp="29 Sep 2018 14:56:53 GMT">
  <testcase classname="testNGAdvancedFeatures.TestNG_Grouping" name="testHondaCBR" time="0.015"/>
  <testcase classname="testNGAdvancedFeatures.TestNG_Grouping" name="testNinja" time="0.0"/>
  <testcase classname="testNGAdvancedFeatures.TestNG_Grouping" name="testAudiA6" time="0.0">
    <ignored/>
  </testcase> <!-- testAudiA6 -->
  <testcase classname="testNGAdvancedFeatures.TestNG_Grouping" name="testBMWX6" time="0.0">
    <ignored/>
  </testcase> <!-- testBMWX6 -->
</testsuite> <!-- Application name -->
